  application.cpp
d:\c++\cyber\cyber\application.cpp(119): error C2660: “D3DXCreateEffectFromFileA”: 函数不接受 2 个参数
  c:\program files (x86)\microsoft directx sdk (june 2010)\include\d3dx9effect.h(605): note: 参见“D3DXCreateEffectFromFileA”的声明
d:\c++\cyber\cyber\application.cpp(201): error C3861: “KeyDown”: 找不到标识符
d:\c++\cyber\cyber\application.cpp(206): error C3861: “KeyDown”: 找不到标识符
  global.cpp
d:\c++\cyber\cyber\global.cpp(3): error C2374: “global::pDevice”: 重定义；多次初始化
  d:\c++\cyber\cyber\global.h(20): note: 参见“global::pDevice”的声明
d:\c++\cyber\cyber\global.cpp(30): error C3867: “std::basic_ofstream<char,std::char_traits<char>>::close”: 非标准语法；请使用 "&" 来创建指向成员的指针
d:\c++\cyber\cyber\global.cpp(37): error C4996: 'strcpy': This function or variable may be unsafe. Consider using strcpy_s instead. To disable deprecation, use _CRT_SECURE_NO_WARNINGS. See online help for details.
  d:\windows kits\10\include\10.0.17134.0\ucrt\string.h(133): note: 参见“strcpy”的声明
d:\c++\cyber\cyber\global.cpp(38): error C4996: 'strcat': This function or variable may be unsafe. Consider using strcat_s instead. To disable deprecation, use _CRT_SECURE_NO_WARNINGS. See online help for details.
  d:\windows kits\10\include\10.0.17134.0\ucrt\string.h(90): note: 参见“strcat”的声明
  mesh.cpp
d:\c++\cyber\cyber\mesh.cpp(94): error C3867: “std::vector<D3DMATERIAL9,std::allocator<_Ty>>::clear”: 非标准语法；请使用 "&" 来创建指向成员的指针
          with
          [
              _Ty=D3DMATERIAL9
          ]
  正在生成代码...
